2025-06-01 04:54:13 Loading main app package /usr/lib/obsidian/obsidian.asar
2025-06-01 04:54:13 Checking for update using Github
2025-06-01 04:54:13 Success.
2025-06-01 04:54:13 Latest version is 1.8.10
2025-06-01 04:54:13 App is up to date.
2025-06-01 05:54:13 Checking for update using Github
2025-06-01 05:54:13 Success.
2025-06-01 05:54:13 Latest version is 1.8.10
2025-06-01 05:54:13 App is up to date.
2025-06-01 12:21:55 Loading main app package /usr/lib/obsidian/obsidian.asar
2025-06-01 12:21:55 Checking for update using Github
2025-06-01 12:21:55 Success.
2025-06-01 12:21:55 Latest version is 1.8.10
2025-06-01 12:21:55 App is up to date.
2025-06-01 13:21:55 Checking for update using Github
2025-06-01 13:21:55 Success.
2025-06-01 13:21:55 Latest version is 1.8.10
2025-06-01 13:21:55 App is up to date.
2025-06-01 22:09:13 Loading main app package /usr/lib/obsidian/obsidian.asar
2025-06-01 22:09:13 Checking for update using Github
2025-06-01 22:09:15 Success.
2025-06-01 22:09:15 Latest version is 1.8.10
2025-06-01 22:09:15 App is up to date.
2025-06-01 22:09:27 Loading main app package /usr/lib/obsidian/obsidian.asar
2025-06-01 22:09:27 Checking for update using Github
2025-06-01 22:09:27 Success.
2025-06-01 22:09:27 Latest version is 1.8.10
2025-06-01 22:09:27 App is up to date.
2025-06-01 23:09:27 Checking for update using Github
2025-06-01 23:09:29 Success.
2025-06-01 23:09:29 Latest version is 1.8.10
2025-06-01 23:09:29 App is up to date.
2025-06-02 00:09:27 Checking for update using Github
2025-06-02 00:09:27 Success.
2025-06-02 00:09:27 Latest version is 1.8.10
2025-06-02 00:09:27 App is up to date.
2025-06-02 01:09:27 Checking for update using Github
2025-06-02 01:09:27 Success.
2025-06-02 01:09:27 Latest version is 1.8.10
2025-06-02 01:09:27 App is up to date.
2025-06-02 03:13:18 Checking for update using Github
2025-06-02 03:13:19 Success.
2025-06-02 03:13:19 Latest version is 1.8.10
2025-06-02 03:13:19 App is up to date.
2025-06-02 04:54:01 Loading main app package /usr/lib/obsidian/obsidian.asar
2025-06-02 04:54:01 Checking for update using Github
2025-06-02 04:54:02 Success.
2025-06-02 04:54:02 Latest version is 1.8.10
2025-06-02 04:54:02 App is up to date.
2025-06-02 05:54:01 Checking for update using Github
2025-06-02 05:54:01 Success.
2025-06-02 05:54:01 Latest version is 1.8.10
2025-06-02 05:54:01 App is up to date.
2025-06-02 20:37:31 Loading main app package /usr/lib/obsidian/obsidian.asar
2025-06-02 20:37:31 Checking for update using Github
2025-06-02 20:37:31 Success.
2025-06-02 20:37:31 Latest version is 1.8.10
2025-06-02 20:37:31 App is up to date.
2025-06-03 00:08:13 Loading main app package /usr/lib/obsidian/obsidian.asar
2025-06-03 00:08:13 Checking for update using Github
2025-06-03 00:08:13 Success.
2025-06-03 00:08:13 Latest version is 1.8.10
2025-06-03 00:08:13 App is up to date.
2025-06-03 00:23:52 Loading main app package /usr/lib/obsidian/obsidian.asar
2025-06-03 00:23:52 Checking for update using Github
2025-06-03 00:23:52 Success.
2025-06-03 00:23:52 Latest version is 1.8.10
2025-06-03 00:23:52 App is up to date.
2025-06-03 01:23:52 Checking for update using Github
2025-06-03 01:23:52 Success.
2025-06-03 01:23:52 Latest version is 1.8.10
2025-06-03 01:23:52 App is up to date.
2025-06-03 02:36:54 Loading main app package /usr/lib/obsidian/obsidian.asar
2025-06-03 02:36:54 Checking for update using Github
2025-06-03 02:36:54 Success.
2025-06-03 02:36:54 Latest version is 1.8.10
2025-06-03 02:36:54 App is up to date.
2025-06-03 05:19:25 Loading main app package /usr/lib/obsidian/obsidian.asar
2025-06-03 05:19:25 Checking for update using Github
2025-06-03 05:19:26 Success.
2025-06-03 05:19:26 Latest version is 1.8.10
2025-06-03 05:19:26 App is up to date.
2025-06-03 06:19:25 Checking for update using Github
2025-06-03 06:19:25 Success.
2025-06-03 06:19:25 Latest version is 1.8.10
2025-06-03 06:19:25 App is up to date.
2025-06-03 08:39:25 Loading main app package /usr/lib/obsidian/obsidian.asar
2025-06-03 08:39:25 Checking for update using Github
2025-06-03 08:39:25 Success.
2025-06-03 08:39:25 Latest version is 1.8.10
2025-06-03 08:39:25 App is up to date.
2025-06-04 02:10:13 Loading main app package /usr/lib/obsidian/obsidian.asar
2025-06-04 02:10:13 Checking for update using Github
2025-06-04 02:10:13 Success.
2025-06-04 02:10:13 Latest version is 1.8.10
2025-06-04 02:10:13 App is up to date.
2025-06-04 02:58:34 Loading main app package /usr/lib/obsidian/obsidian.asar
2025-06-04 02:58:34 Checking for update using Github
2025-06-04 02:58:34 Success.
2025-06-04 02:58:34 Latest version is 1.8.10
2025-06-04 02:58:34 App is up to date.
2025-06-04 07:07:12 Loading main app package /usr/lib/obsidian/obsidian.asar
2025-06-04 07:07:12 Checking for update using Github
2025-06-04 07:07:12 Success.
2025-06-04 07:07:12 Latest version is 1.8.10
2025-06-04 07:07:12 App is up to date.
2025-06-04 09:50:58 Loading main app package /usr/lib/obsidian/obsidian.asar
2025-06-04 09:50:58 Checking for update using Github
2025-06-04 09:50:59 Success.
2025-06-04 09:50:59 Latest version is 1.8.10
2025-06-04 09:50:59 App is up to date.
2025-06-04 10:50:58 Checking for update using Github
2025-06-04 10:50:59 Success.
2025-06-04 10:50:59 Latest version is 1.8.10
2025-06-04 10:50:59 App is up to date.
2025-06-04 11:38:30 Loading main app package /usr/lib/obsidian/obsidian.asar
2025-06-04 11:38:30 Checking for update using Github
2025-06-04 11:38:30 Success.
2025-06-04 11:38:30 Latest version is 1.8.10
2025-06-04 11:38:30 App is up to date.
2025-06-04 18:30:11 Loading main app package /usr/lib/obsidian/obsidian.asar
2025-06-04 18:30:11 Checking for update using Github
2025-06-04 18:30:12 Success.
2025-06-04 18:30:12 Latest version is 1.8.10
2025-06-04 18:30:12 App is up to date.
2025-06-04 18:31:39 Loading main app package /usr/lib/obsidian/obsidian.asar
2025-06-04 18:31:39 Checking for update using Github
2025-06-04 18:31:39 Success.
2025-06-04 18:31:39 Latest version is 1.8.10
2025-06-04 18:31:39 App is up to date.
2025-06-04 19:31:39 Checking for update using Github
2025-06-04 19:31:39 Success.
2025-06-04 19:31:39 Latest version is 1.8.10
2025-06-04 19:31:39 App is up to date.
2025-06-04 22:27:26 Loading main app package /usr/lib/obsidian/obsidian.asar
2025-06-04 22:27:26 Checking for update using Github
2025-06-04 22:27:27 Success.
2025-06-04 22:27:27 Latest version is 1.8.10
2025-06-04 22:27:27 App is up to date.
2025-06-04 23:27:26 Checking for update using Github
2025-06-04 23:27:28 Success.
2025-06-04 23:27:28 Latest version is 1.8.10
2025-06-04 23:27:28 App is up to date.
2025-06-05 05:23:24 Loading main app package /usr/lib/obsidian/obsidian.asar
2025-06-05 05:23:25 Checking for update using Github
2025-06-05 05:23:25 Success.
2025-06-05 05:23:25 Latest version is 1.8.10
2025-06-05 05:23:25 App is up to date.
2025-06-05 06:23:24 Checking for update using Github
2025-06-05 06:23:25 Success.
2025-06-05 06:23:25 Latest version is 1.8.10
2025-06-05 06:23:25 App is up to date.
2025-06-05 18:56:09 Loading main app package /usr/lib/obsidian/obsidian.asar
2025-06-05 18:56:09 Checking for update using Github
2025-06-05 18:56:12 Success.
2025-06-05 18:56:12 Latest version is 1.8.10
2025-06-05 18:56:12 App is up to date.
2025-06-05 19:56:09 Checking for update using Github
2025-06-05 19:56:09 Success.
2025-06-05 19:56:09 Latest version is 1.8.10
2025-06-05 19:56:09 App is up to date.
2025-06-05 21:45:16 Checking for update using Github
2025-06-05 21:45:16 Success.
2025-06-05 21:45:16 Latest version is 1.8.10
2025-06-05 21:45:16 App is up to date.
2025-06-05 22:45:17 Checking for update using Github
2025-06-05 22:45:17 Success.
2025-06-05 22:45:17 Latest version is 1.8.10
2025-06-05 22:45:17 App is up to date.
2025-06-06 00:34:46 Checking for update using Github
2025-06-06 00:34:46 Success.
2025-06-06 00:34:46 Latest version is 1.8.10
2025-06-06 00:34:46 App is up to date.
2025-06-06 01:34:46 Checking for update using Github
2025-06-06 01:34:46 Success.
2025-06-06 01:34:46 Latest version is 1.8.10
2025-06-06 01:34:46 App is up to date.
2025-06-06 04:30:05 Loading main app package /usr/lib/obsidian/obsidian.asar
2025-06-06 04:30:05 Checking for update using Github
2025-06-06 04:30:05 Success.
2025-06-06 04:30:05 Latest version is 1.8.10
2025-06-06 04:30:05 App is up to date.
2025-06-06 05:30:05 Checking for update using Github
2025-06-06 05:30:05 Success.
2025-06-06 05:30:05 Latest version is 1.8.10
2025-06-06 05:30:05 App is up to date.
2025-06-06 06:30:05 Checking for update using Github
2025-06-06 06:30:05 Success.
2025-06-06 06:30:05 Latest version is 1.8.10
2025-06-06 06:30:05 App is up to date.
2025-06-06 06:46:20 Loading main app package /usr/lib/obsidian/obsidian.asar
2025-06-06 06:46:20 Checking for update using Github
2025-06-06 06:46:21 Success.
2025-06-06 06:46:21 Latest version is 1.8.10
2025-06-06 06:46:21 App is up to date.
2025-06-06 23:24:33 Loading main app package /usr/lib/obsidian/obsidian.asar
2025-06-06 23:24:33 Checking for update using Github
2025-06-06 23:24:34 Success.
2025-06-06 23:24:34 Latest version is 1.8.10
2025-06-06 23:24:34 App is up to date.
2025-06-07 00:24:33 Checking for update using Github
2025-06-07 00:24:33 Success.
2025-06-07 00:24:33 Latest version is 1.8.10
2025-06-07 00:24:33 App is up to date.
2025-06-07 01:24:33 Checking for update using Github
2025-06-07 01:24:33 Success.
2025-06-07 01:24:33 Latest version is 1.8.10
2025-06-07 01:24:33 App is up to date.
2025-06-07 02:24:33 Checking for update using Github
2025-06-07 02:24:33 Success.
2025-06-07 02:24:33 Latest version is 1.8.10
2025-06-07 02:24:33 App is up to date.
